Removed Member From Class: ClassName=LEDS_And_Buttons Member=D2
Removed Member From Class: ClassName=HDMI Member=J?
Change Component Designator: OldDesignator=D1 NewDesignator=LED1
Change Component Designator: OldDesignator=D2 NewDesignator=LED2
Change Component Designator: OldDesignator=D3 NewDesignator=LED3
Change Component Designator: OldDesignator=D4 NewDesignator=LED4
Change Component Designator: OldDesignator=J? NewDesignator=J6
Added Component: Designator=J11(CONN_PH2-14-UA_ADM)
Add component (AddParameter): Name = "Copyright"; Value = "Copyright (C) 2025 Ultra Librarian. All rights reserved."; VariantName = "[No Variations]"
Add component (AddParameter): Name = "Manufacturer_Name"; Value = "ADAM TECHNOLOGIES INC"; VariantName = "[No Variations]"
Add component (AddParameter): Name = "Manufacturer_Part_Number"; Value = "PH2-14-UA"; VariantName = "[No Variations]"
Add component (AddParameter): Name = "RefDes"; Value = "RefDes"; VariantName = "[No Variations]"
Add component (AddParameter): Name = "Type"; Value = "Headers, Male Pins"; VariantName = "[No Variations]"
Added Component: Designator=L1(IND_0603_TDK)
Add component (AddParameter): Name = "Copyright"; Value = "Copyright (C) 2026 Ultra Librarian. All rights reserved."; VariantName = "[No Variations]"
Add component (AddParameter): Name = "Manufacturer_Name"; Value = "TDK"; VariantName = "[No Variations]"
Add component (AddParameter): Name = "Manufacturer_Part_Number"; Value = "MMZ0603Y121CT000"; VariantName = "[No Variations]"
Add component (AddParameter): Name = "RefDes"; Value = ""; VariantName = "[No Variations]"
Add component (AddParameter): Name = "Type"; Value = ""; VariantName = "[No Variations]"
Added Component: Designator=L3(IND_ASPIAIG-F4020_ABR)
Add component (AddParameter): Name = "Copyright"; Value = "Copyright (C) 2026 Ultra Librarian. All rights reserved."; VariantName = "[No Variations]"
Add component (AddParameter): Name = "Manufacturer_Name"; Value = "Abracon"; VariantName = "[No Variations]"
Add component (AddParameter): Name = "Manufacturer_Part_Number"; Value = "ASPIAIG-FLR4020-3R3M-T"; VariantName = "[No Variations]"
Add component (AddParameter): Name = "RefDes"; Value = ""; VariantName = "[No Variations]"
Add component (AddParameter): Name = "Type"; Value = ""; VariantName = "[No Variations]"
Added Component: Designator=L4(IND_ASPIAIG-F4020_ABR)
Add component (AddParameter): Name = "Copyright"; Value = "Copyright (C) 2026 Ultra Librarian. All rights reserved."; VariantName = "[No Variations]"
Add component (AddParameter): Name = "Manufacturer_Name"; Value = "Abracon"; VariantName = "[No Variations]"
Add component (AddParameter): Name = "Manufacturer_Part_Number"; Value = "ASPIAIG-FLR4020-3R3M-T"; VariantName = "[No Variations]"
Add component (AddParameter): Name = "RefDes"; Value = ""; VariantName = "[No Variations]"
Add component (AddParameter): Name = "Type"; Value = ""; VariantName = "[No Variations]"
Added Component: Designator=L6(IND_0603_TDK)
Add component (AddParameter): Name = "Copyright"; Value = "Copyright (C) 2026 Ultra Librarian. All rights reserved."; VariantName = "[No Variations]"
Add component (AddParameter): Name = "Manufacturer_Name"; Value = "TDK"; VariantName = "[No Variations]"
Add component (AddParameter): Name = "Manufacturer_Part_Number"; Value = "MMZ0603Y121CT000"; VariantName = "[No Variations]"
Add component (AddParameter): Name = "RefDes"; Value = ""; VariantName = "[No Variations]"
Add component (AddParameter): Name = "Type"; Value = ""; VariantName = "[No Variations]"
Added Component: Designator=L66(IND_ASPIAIG-F4020_ABR)
Add component (AddParameter): Name = "Copyright"; Value = "Copyright (C) 2026 Ultra Librarian. All rights reserved."; VariantName = "[No Variations]"
Add component (AddParameter): Name = "Manufacturer_Name"; Value = "Abracon"; VariantName = "[No Variations]"
Add component (AddParameter): Name = "Manufacturer_Part_Number"; Value = "ASPIAIG-FLR4020-3R3M-T"; VariantName = "[No Variations]"
Add component (AddParameter): Name = "RefDes"; Value = ""; VariantName = "[No Variations]"
Add component (AddParameter): Name = "Type"; Value = ""; VariantName = "[No Variations]"
Added Component: Designator=L67(IND_ASPIAIG-F4020_ABR)
Add component (AddParameter): Name = "Copyright"; Value = "Copyright (C) 2026 Ultra Librarian. All rights reserved."; VariantName = "[No Variations]"
Add component (AddParameter): Name = "Manufacturer_Name"; Value = "Abracon"; VariantName = "[No Variations]"
Add component (AddParameter): Name = "Manufacturer_Part_Number"; Value = "ASPIAIG-FLR4020-3R3M-T"; VariantName = "[No Variations]"
Add component (AddParameter): Name = "RefDes"; Value = ""; VariantName = "[No Variations]"
Add component (AddParameter): Name = "Type"; Value = ""; VariantName = "[No Variations]"
Added Component: Designator=U1(FGG484_AMD)
Add component (AddParameter): Name = "Copyright"; Value = "Copyright (C) 2026 Ultra Librarian. All rights reserved."; VariantName = "[No Variations]"
Add component (AddParameter): Name = "Manufacturer_Name"; Value = "AMD"; VariantName = "[No Variations]"
Add component (AddParameter): Name = "Manufacturer_Part_Number"; Value = "XC7A35T-2FGG484C"; VariantName = "[No Variations]"
Add component (AddParameter): Name = "RefDes"; Value = "RefDes"; VariantName = "[No Variations]"
Add component (AddParameter): Name = "Type"; Value = "Type"; VariantName = "[No Variations]"
Added Component: Designator=U?(FGG484_AMD)
Add component (AddParameter): Name = "Copyright"; Value = "Copyright (C) 2026 Ultra Librarian. All rights reserved."; VariantName = "[No Variations]"
Add component (AddParameter): Name = "Manufacturer_Name"; Value = "AMD"; VariantName = "[No Variations]"
Add component (AddParameter): Name = "Manufacturer_Part_Number"; Value = "XC7A35T-2FGG484C"; VariantName = "[No Variations]"
Add component (AddParameter): Name = "RefDes"; Value = "RefDes"; VariantName = "[No Variations]"
Add component (AddParameter): Name = "Type"; Value = "Type"; VariantName = "[No Variations]"
Added Component: Designator=X1(7M_TXC)
Add component (AddParameter): Name = "Copyright"; Value = "Copyright (C) 2026 Ultra Librarian. All rights reserved."; VariantName = "[No Variations]"
Add component (AddParameter): Name = "Manufacturer_Name"; Value = "TXC"; VariantName = "[No Variations]"
Add component (AddParameter): Name = "Manufacturer_Part_Number"; Value = "7M-50.000MAAJ-T"; VariantName = "[No Variations]"
Add component (AddParameter): Name = "RefDes"; Value = "RefDes"; VariantName = "[No Variations]"
Add component (AddParameter): Name = "Type"; Value = "Type"; VariantName = "[No Variations]"
Added Pin To Net: NetName=HDMI1_D2_P Pin=J6-1
Added Pin To Net: NetName=HDMI1_D2_N Pin=J6-3
Added Pin To Net: NetName=HDMI1_D1_P Pin=J6-4
Added Pin To Net: NetName=HDMI1_D1_N Pin=J6-6
Added Pin To Net: NetName=HDMI1_D0_P Pin=J6-7
Added Pin To Net: NetName=HDMI1_D0_N Pin=J6-9
Added Pin To Net: NetName=HDMI1_CLK_P Pin=J6-10
Added Pin To Net: NetName=HDMI1_CLK_N Pin=J6-12
Added Pin To Net: NetName=+5V Pin=J6-18
Added Pin To Net: NetName=FPGA_M1 Pin=J11-1
Added Pin To Net: NetName=+3.3V Pin=J11-2
Added Pin To Net: NetName=FPGA_M1 Pin=J11-3
Added Pin To Net: NetName=NetJ11_4 Pin=J11-4
Added Pin To Net: NetName=FPGA_M1 Pin=J11-5
Added Pin To Net: NetName=NetJ11_6 Pin=J11-6
Added Pin To Net: NetName=FPGA_M1 Pin=J11-7
Added Pin To Net: NetName=NetJ11_8 Pin=J11-8
Added Pin To Net: NetName=FPGA_M1 Pin=J11-9
Added Pin To Net: NetName=NetJ11_10 Pin=J11-10
Added Pin To Net: NetName=FPGA_M1 Pin=J11-11
Added Pin To Net: NetName=FPGA_M1 Pin=J11-13
Added Pin To Net: NetName=NetC1_1 Pin=L1-1
Added Pin To Net: NetName=+1.8V Pin=L1-2
Added Pin To Net: NetName=+1.0V Pin=L3-1
Added Pin To Net: NetName=NetC506_1 Pin=L3-2
Added Pin To Net: NetName=+1.5V Pin=L4-1
Added Pin To Net: NetName=NetC524_1 Pin=L4-2
Added Pin To Net: NetName=NetC133_1 Pin=L6-1
Added Pin To Net: NetName=+3.3V Pin=L6-2
Added Pin To Net: NetName=+1.8V Pin=L66-1
Added Pin To Net: NetName=NetC512_1 Pin=L66-2
Added Pin To Net: NetName=+3.3V Pin=L67-1
Added Pin To Net: NetName=NetC209_1 Pin=L67-2
Added Pin To Net: NetName=DDR3_A3 Pin=R19-2
Added Pin To Net: NetName=DDR3_A6 Pin=R21-2
Added Pin To Net: NetName=DDR3_A9 Pin=R22-2
Added Pin To Net: NetName=DDR3_A7 Pin=R25-2
Added Pin To Net: NetName=DDR3_A12 Pin=R29-2
Added Pin To Net: NetName=DDR3_A13 Pin=R30-2
Added Pin To Net: NetName=CAM_SDA Pin=R31-1
Added Pin To Net: NetName=DDR3_BA0 Pin=R32-2
Added Pin To Net: NetName=DDR3_CLK0_P Pin=R35-1
Added Pin To Net: NetName=DDR3_CLK0_N Pin=R35-2
Added Pin To Net: NetName=DDR3_WE Pin=R36-2
Added Pin To Net: NetName=DDR3_RAS Pin=R37-2
Added Pin To Net: NetName=DDR3_CAS Pin=R38-2
Add Pin To Net: Unknown Pin: Pin TP1-1
Add Pin To Net: Unknown Pin: Pin TP2-1
Add Pin To Net: Unknown Pin: Pin TP3-1
Add Pin To Net: Unknown Pin: Pin TP4-1
Added Pin To Net: NetName=LP_CLK_N Pin=U1-A1
Added Pin To Net: NetName=FPGA_M1 Pin=U1-A2
Added Pin To Net: NetName=FPGA_M1 Pin=U1-A3
Added Pin To Net: NetName=FPGA_M1 Pin=U1-A5
Added Pin To Net: NetName=FPGA_M1 Pin=U1-A7
Added Pin To Net: NetName=FPGA_M1 Pin=U1-A9
Added Pin To Net: NetName=FPGA_M1 Pin=U1-A11
Added Pin To Net: NetName=FPGA_M1 Pin=U1-A12
Added Pin To Net: NetName=VCCIO Pin=U1-A17
Added Pin To Net: NetName=FPGA_M1 Pin=U1-A22
Added Pin To Net: NetName=DDR3_DQ3 Pin=U1-AA1
Added Pin To Net: NetName=FPGA_M1 Pin=U1-AA2
Added Pin To Net: NetName=DDR3_LDQS_N Pin=U1-AA3
Added Pin To Net: NetName=DDR3_DQ7 Pin=U1-AA4
Added Pin To Net: NetName=DDR3_DQ4 Pin=U1-AA5
Added Pin To Net: NetName=DDR3_A10 Pin=U1-AA6
Added Pin To Net: NetName=+1.5V Pin=U1-AA7
Added Pin To Net: NetName=DDR3_A0 Pin=U1-AA8
Added Pin To Net: NetName=FPGA_M1 Pin=U1-AA12
Added Pin To Net: NetName=+3.3V Pin=U1-AA17
Added Pin To Net: NetName=FPGA_M1 Pin=U1-AA22
Added Pin To Net: NetName=DDR3_LDM Pin=U1-AB1
Added Pin To Net: NetName=DDR3_DQ1 Pin=U1-AB2
Added Pin To Net: NetName=DDR3_DQ2 Pin=U1-AB3
Added Pin To Net: NetName=+1.5V Pin=U1-AB4
Added Pin To Net: NetName=DDR3_DQ6 Pin=U1-AB5
Added Pin To Net: NetName=DDR3_ODT Pin=U1-AB6
Added Pin To Net: NetName=DDR3_RAS Pin=U1-AB7
Added Pin To Net: NetName=DDR3_BA0 Pin=U1-AB8
Added Pin To Net: NetName=FPGA_M1 Pin=U1-AB9
Added Pin To Net: NetName=+3.3V Pin=U1-AB14
Added Pin To Net: NetName=FPGA_M1 Pin=U1-AB19
Added Pin To Net: NetName=LP_CLK_P Pin=U1-B1
Added Pin To Net: NetName=LP_LANE0_N Pin=U1-B2
Added Pin To Net: NetName=FPGA_M1 Pin=U1-B3
Added Pin To Net: NetName=FPGA_M1 Pin=U1-B12
Added Pin To Net: NetName=VCCIO Pin=U1-B14
Added Pin To Net: NetName=FPGA_M1 Pin=U1-B19
Added Pin To Net: NetName=+3.3V Pin=U1-C1
Added Pin To Net: NetName=LP_LANE0_P Pin=U1-C2
Added Pin To Net: NetName=FPGA_M1 Pin=U1-C3
Added Pin To Net: NetName=FPGA_M1 Pin=U1-C6
Added Pin To Net: NetName=FPGA_M1 Pin=U1-C10
Added Pin To Net: NetName=FPGA_M1 Pin=U1-C12
Added Pin To Net: NetName=FPGA_M1 Pin=U1-C16
Added Pin To Net: NetName=LED4 Pin=U1-C20
Added Pin To Net: NetName=VCCIO Pin=U1-C21
Added Pin To Net: NetName=HDMI1_CLK_N Pin=U1-D1
Added Pin To Net: NetName=MIPI_LAN0_N Pin=U1-D2
Added Pin To Net: NetName=FPGA_M1 Pin=U1-D3
Added Pin To Net: NetName=FPGA_M1 Pin=U1-D4
Added Pin To Net: NetName=FPGA_M1 Pin=U1-D8
Added Pin To Net: NetName=FPGA_M1 Pin=U1-D12
Added Pin To Net: NetName=FPGA_M1 Pin=U1-D13
Added Pin To Net: NetName=VCCIO Pin=U1-D18
Added Pin To Net: NetName=LED3 Pin=U1-D20
Added Pin To Net: NetName=HDMI1_CLK_P Pin=U1-E1
Added Pin To Net: NetName=MIPI_LAN0_P Pin=U1-E2
Added Pin To Net: NetName=MIPI_LAN1_N Pin=U1-E3
Added Pin To Net: NetName=FPGA_M1 Pin=U1-E4
Added Pin To Net: NetName=FPGA_M1 Pin=U1-E5
Added Pin To Net: NetName=FPGA_M1 Pin=U1-E7
Added Pin To Net: NetName=FPGA_M1 Pin=U1-E9
Added Pin To Net: NetName=FPGA_M1 Pin=U1-E11
Added Pin To Net: NetName=VCCIO Pin=U1-E15
Added Pin To Net: NetName=FPGA_M1 Pin=U1-E20
Added Pin To Net: NetName=LED2 Pin=U1-E21
Added Pin To Net: NetName=HDMI1_D0_N Pin=U1-F1
Added Pin To Net: NetName=+3.3V Pin=U1-F2
Added Pin To Net: NetName=MIPI_LAN1_P Pin=U1-F3
Added Pin To Net: NetName=FPGA_M1 Pin=U1-F5
Added Pin To Net: NetName=FPGA_M1 Pin=U1-F11
Added Pin To Net: NetName=+3.3V Pin=U1-F12
Added Pin To Net: NetName=FPGA_M1 Pin=U1-F17
Added Pin To Net: NetName=LED1 Pin=U1-F19
Added Pin To Net: NetName=RESET Pin=U1-F20
Added Pin To Net: NetName=VCCIO Pin=U1-F22
Added Pin To Net: NetName=HDMI1_D0_P Pin=U1-G1
Added Pin To Net: NetName=HDMI1_D1_N Pin=U1-G2
Added Pin To Net: NetName=MIPI_CLK_N Pin=U1-G3
Added Pin To Net: NetName=FPGA_M1 Pin=U1-G5
Added Pin To Net: NetName=FPGA_M1 Pin=U1-G6
Added Pin To Net: NetName=FPGA_M1 Pin=U1-G7
Added Pin To Net: NetName=FPGA_M1 Pin=U1-G8
Added Pin To Net: NetName=FPGA_M1 Pin=U1-G9
Added Pin To Net: NetName=FPGA_M1 Pin=U1-G10
Added Pin To Net: NetName=FPGA_DONE Pin=U1-G11
Added Pin To Net: NetName=FPGA_M1 Pin=U1-G12
Added Pin To Net: NetName=CAM_SDA Pin=U1-G13
Added Pin To Net: NetName=FPGA_M1 Pin=U1-G14
Added Pin To Net: NetName=NetU1_G19 Pin=U1-G19
Added Pin To Net: NetName=FPGA_M1 Pin=U1-H1
Added Pin To Net: NetName=HDMI1_D1_P Pin=U1-H2
Added Pin To Net: NetName=MIPI_CLK_P Pin=U1-H3
Added Pin To Net: NetName=+3.3V Pin=U1-H6
Added Pin To Net: NetName=FPGA_M1 Pin=U1-H7
Added Pin To Net: NetName=FPGA_M1 Pin=U1-H9
Added Pin To Net: NetName=FPGA_M1 Pin=U1-H11
Added Pin To Net: NetName=CAM_GPIO Pin=U1-H13
Added Pin To Net: NetName=CAM_CLK Pin=U1-H14
Added Pin To Net: NetName=NetU1_G19 Pin=U1-H16
Added Pin To Net: NetName=FPGA_M1 Pin=U1-H21
Added Pin To Net: NetName=HDMI1_D2_N Pin=U1-J1
Added Pin To Net: NetName=LP_LANE1_N Pin=U1-J2
Added Pin To Net: NetName=+3.3V Pin=U1-J3
Added Pin To Net: NetName=FPGA_M1 Pin=U1-J8
Added Pin To Net: NetName=FPGA_M1 Pin=U1-J10
Added Pin To Net: NetName=FPGA_M1 Pin=U1-J12
Added Pin To Net: NetName=NetU1_G19 Pin=U1-J13
Added Pin To Net: NetName=CAM_SCL Pin=U1-J14
Added Pin To Net: NetName=FPGA_M1 Pin=U1-J18
Added Pin To Net: NetName=HDMI1_D2_P Pin=U1-K1
Added Pin To Net: NetName=LP_LANE1_P Pin=U1-K2
Added Pin To Net: NetName=FPGA_M1 Pin=U1-K5
Added Pin To Net: NetName=FPGA_M1 Pin=U1-K7
Added Pin To Net: NetName=AGND Pin=U1-K9
Added Pin To Net: NetName=NetC1_1 Pin=U1-K10
Added Pin To Net: NetName=FPGA_M1 Pin=U1-K11
Added Pin To Net: NetName=KEY3 Pin=U1-K13
Added Pin To Net: NetName=KEY2 Pin=U1-K14
Added Pin To Net: NetName=FPGA_M1 Pin=U1-K15
Added Pin To Net: NetName=NetU1_G19 Pin=U1-K20
Added Pin To Net: NetName=FPGA_M1 Pin=U1-L2
Added Pin To Net: NetName=FPGA_M1 Pin=U1-L8
Added Pin To Net: NetName=AGND Pin=U1-L9
Added Pin To Net: NetName=KEY4 Pin=U1-L13
Added Pin To Net: NetName=NetU1_G19 Pin=U1-L17
Added Pin To Net: NetName=FPGA_M1 Pin=U1-L22
Added Pin To Net: NetName=+3.3V Pin=U1-M4
Added Pin To Net: NetName=HDMI1_OUT_EN Pin=U1-M6
Added Pin To Net: NetName=FPGA_M1 Pin=U1-M7
Added Pin To Net: NetName=AGND Pin=U1-M10
Added Pin To Net: NetName=FPGA_M1 Pin=U1-M11
Added Pin To Net: NetName=KEY1 Pin=U1-M13
Added Pin To Net: NetName=NetU1_G19 Pin=U1-M14
Added Pin To Net: NetName=FPGA_M1 Pin=U1-M19
Added Pin To Net: NetName=+3.3V Pin=U1-N1
Added Pin To Net: NetName=FPGA_M1 Pin=U1-N6
Added Pin To Net: NetName=FPGA_M1 Pin=U1-N8
Added Pin To Net: NetName=FPGA_M1 Pin=U1-N9
Added Pin To Net: NetName=FPGA_M1 Pin=U1-N10
Added Pin To Net: NetName=NetR2_2 Pin=U1-N12
Added Pin To Net: NetName=FPGA_M1 Pin=U1-N16
Added Pin To Net: NetName=NetU1_G19 Pin=U1-N21
Added Pin To Net: NetName=FPGA_M1 Pin=U1-P3
Added Pin To Net: NetName=HDMI1_HPD Pin=U1-P5
Added Pin To Net: NetName=FPGA_M1 Pin=U1-P7
Added Pin To Net: NetName=FPGA_M1 Pin=U1-P9
Added Pin To Net: NetName=FPGA_M1 Pin=U1-P11
Added Pin To Net: NetName=FPGA_M1 Pin=U1-P13
Added Pin To Net: NetName=NetU1_G19 Pin=U1-P18
Added Pin To Net: NetName=DDR3_UDQS_N Pin=U1-R2
Added Pin To Net: NetName=DDR3_UDQS_P Pin=U1-R3
Added Pin To Net: NetName=DDR3_CKE Pin=U1-R4
Added Pin To Net: NetName=+1.5V Pin=U1-R5
Added Pin To Net: NetName=DDR3_A13 Pin=U1-R6
Added Pin To Net: NetName=FPGA_M1 Pin=U1-R8
Added Pin To Net: NetName=FPGA_M1 Pin=U1-R10
Added Pin To Net: NetName=FPGA_M1 Pin=U1-R12
Added Pin To Net: NetName=FPGA_TDI Pin=U1-R13
Added Pin To Net: NetName=NetU1_G19 Pin=U1-R15
Added Pin To Net: NetName=FPGA_M1 Pin=U1-R20
Added Pin To Net: NetName=DDR3_DQ12 Pin=U1-T1
Added Pin To Net: NetName=+1.5V Pin=U1-T2
Added Pin To Net: NetName=DDR3_RESET_N Pin=U1-T3
Added Pin To Net: NetName=DDR3_CAS Pin=U1-T4
Added Pin To Net: NetName=DDR3_A8 Pin=U1-T5
Added Pin To Net: NetName=DDR3_A11 Pin=U1-T6
Added Pin To Net: NetName=FPGA_M1 Pin=U1-T7
Added Pin To Net: NetName=FPGA_M1 Pin=U1-T9
Added Pin To Net: NetName=FPGA_M1 Pin=U1-T11
Added Pin To Net: NetName=+3.3V Pin=U1-T12
Added Pin To Net: NetName=FPGA_TMS Pin=U1-T13
Added Pin To Net: NetName=FPGA_M1 Pin=U1-T17
Added Pin To Net: NetName=NetU1_G19 Pin=U1-T22
Added Pin To Net: NetName=DDR3_DQ10 Pin=U1-U1
Added Pin To Net: NetName=DDR3_DQ14 Pin=U1-U2
Added Pin To Net: NetName=DDR3_DQ15 Pin=U1-U3
Added Pin To Net: NetName=FPGA_M1 Pin=U1-U4
Added Pin To Net: NetName=DDR3_A1 Pin=U1-U5
Added Pin To Net: NetName=DDR3_A6 Pin=U1-U6
Added Pin To Net: NetName=DDR3_S0 Pin=U1-U7
Added Pin To Net: NetName=+3.3V Pin=U1-U8
Added Pin To Net: NetName=FPGA_M1 Pin=U1-U9
Added Pin To Net: NetName=FPGA_M1 Pin=U1-U10
Added Pin To Net: NetName=FPGA_M0 Pin=U1-U11
Added Pin To Net: NetName=NetR1_2 Pin=U1-U12
Added Pin To Net: NetName=FPGA_TDO Pin=U1-U13
Added Pin To Net: NetName=FPGA_M1 Pin=U1-U14
Added Pin To Net: NetName=NetU1_G19 Pin=U1-U19
Added Pin To Net: NetName=FPGA_M1 Pin=U1-V1
Added Pin To Net: NetName=DDR3_DQ8 Pin=U1-V2
Added Pin To Net: NetName=DDR3_DQ0 Pin=U1-V4
Added Pin To Net: NetName=DDR3_A4 Pin=U1-V5
Added Pin To Net: NetName=+1.5V Pin=U1-V6
Added Pin To Net: NetName=DDR3_A7 Pin=U1-V7
Added Pin To Net: NetName=DDR3_CLK0_N Pin=U1-V8
Added Pin To Net: NetName=DDR3_CLK0_P Pin=U1-V9
Added Pin To Net: NetName=FPGA_M1 Pin=U1-V11
Added Pin To Net: NetName=FPGA_TCK Pin=U1-V12
Added Pin To Net: NetName=+3.3V Pin=U1-V16
Added Pin To Net: NetName=FPGA_M1 Pin=U1-V21
Added Pin To Net: NetName=DDR3_DQ13 Pin=U1-W1
Added Pin To Net: NetName=DDR3_UDM Pin=U1-W2
Added Pin To Net: NetName=+1.5V Pin=U1-W3
Added Pin To Net: NetName=DDR3_BA1 Pin=U1-W5
Added Pin To Net: NetName=DDR3_WE Pin=U1-W6
Added Pin To Net: NetName=DDR3_A5 Pin=U1-W7
Added Pin To Net: NetName=FPGA_M1 Pin=U1-W8
Added Pin To Net: NetName=DDR3_A9 Pin=U1-W9
Added Pin To Net: NetName=NetU1_G19 Pin=U1-W13
Added Pin To Net: NetName=FPGA_M1 Pin=U1-W18
Added Pin To Net: NetName=DDR3_DQ9 Pin=U1-Y1
Added Pin To Net: NetName=DDR3_DQ11 Pin=U1-Y2
Added Pin To Net: NetName=DDR3_LDQS_P Pin=U1-Y3
Added Pin To Net: NetName=DDR3_DQ5 Pin=U1-Y4
Added Pin To Net: NetName=FPGA_M1 Pin=U1-Y5
Added Pin To Net: NetName=DDR3_A12 Pin=U1-Y6
Added Pin To Net: NetName=DDR3_BA2 Pin=U1-Y7
Added Pin To Net: NetName=DDR3_A3 Pin=U1-Y8
Added Pin To Net: NetName=DDR3_A2 Pin=U1-Y9
Added Pin To Net: NetName=NetU1_G19 Pin=U1-Y10
Added Pin To Net: NetName=FPGA_M1 Pin=U1-Y15
Added Pin To Net: NetName=NetU1_G19 Pin=U1-Y20
Added Pin To Net: NetName=DDR3_CLK0_P Pin=U4-J7
Added Pin To Net: NetName=DDR3_CLK0_N Pin=U4-K7
Added Pin To Net: NetName=DDR3_A10 Pin=U4-L7
Added Pin To Net: NetName=DDR3_BA2 Pin=U4-M3
Added Pin To Net: NetName=DDR3_A0 Pin=U4-N3
Added Pin To Net: NetName=DDR3_BA1 Pin=U4-N8
Added Pin To Net: NetName=DDR3_A5 Pin=U4-P2
Added Pin To Net: NetName=DDR3_A2 Pin=U4-P3
Added Pin To Net: NetName=DDR3_A1 Pin=U4-P7
Added Pin To Net: NetName=DDR3_A4 Pin=U4-P8
Added Pin To Net: NetName=DDR3_A11 Pin=U4-R7
Added Pin To Net: NetName=DDR3_A8 Pin=U4-T8
Added Pin To Net: NetName=HDMI1_OUT_EN Pin=U15-1
Added Pin To Net: NetName=HDMI1_D1_N Pin=U30-1
Added Pin To Net: NetName=HDMI1_D1_P Pin=U30-2
Added Pin To Net: NetName=HDMI1_D2_N Pin=U30-4
Added Pin To Net: NetName=HDMI1_D2_P Pin=U30-5
Added Pin To Net: NetName=HDMI1_CLK_N Pin=U31-1
Added Pin To Net: NetName=HDMI1_CLK_P Pin=U31-2
Added Pin To Net: NetName=HDMI1_D0_N Pin=U31-4
Added Pin To Net: NetName=HDMI1_D0_P Pin=U31-5
Added Pin To Net: NetName=+1.8V Pin=U?-E12
Added Pin To Net: NetName=+1.0V Pin=U?-H8
Added Pin To Net: NetName=+1.0V Pin=U?-H10
Added Pin To Net: NetName=+1.8V Pin=U?-H12
Added Pin To Net: NetName=+1.0V Pin=U?-J7
Added Pin To Net: NetName=+1.0V Pin=U?-J9
Added Pin To Net: NetName=+1.0V Pin=U?-J11
Added Pin To Net: NetName=+1.0V Pin=U?-K8
Added Pin To Net: NetName=+1.8V Pin=U?-K12
Added Pin To Net: NetName=+1.0V Pin=U?-L7
Added Pin To Net: NetName=+1.0V Pin=U?-L11
Added Pin To Net: NetName=+1.0V Pin=U?-M8
Added Pin To Net: NetName=+1.8V Pin=U?-M12
Added Pin To Net: NetName=+1.0V Pin=U?-N7
Added Pin To Net: NetName=+1.0V Pin=U?-N11
Added Pin To Net: NetName=+1.0V Pin=U?-P8
Added Pin To Net: NetName=+1.0V Pin=U?-P10
Added Pin To Net: NetName=+1.8V Pin=U?-P12
Added Pin To Net: NetName=+1.0V Pin=U?-R7
Added Pin To Net: NetName=+1.0V Pin=U?-R9
Added Pin To Net: NetName=+1.8V Pin=U?-R11
Added Pin To Net: NetName=+1.0V Pin=U?-T8
Added Pin To Net: NetName=+1.0V Pin=U?-T10
Added Pin To Net: NetName=NetR45_1 Pin=X1-1
Added Pin To Net: NetName=FPGA_M1 Pin=X1-2
Added Pin To Net: NetName=NetC134_1 Pin=X1-3
Added Pin To Net: NetName=NetC133_1 Pin=X1-4
Change Net Name : Old Net Name=NetD1_1 New Net Name=NetLED1_1
Change Net Name : Old Net Name=NetD3_1 New Net Name=NetLED3_1
Change Net Name : Old Net Name=NetD4_1 New Net Name=NetLED4_1
Change Net Name : Old Net Name=NetJ?_19 New Net Name=NetJ6_19
Change Net Name : Old Net Name=NetJ?_20 New Net Name=NetJ6_20
Added Pin To Net: NetName=HDMI1_SCL Pin=J6-15
Added Pin To Net: NetName=HDMI1_SCL Pin=U1-P4
Added Net: Name=HDMI1_SCL
Added Pin To Net: NetName=HDMI1_SDA Pin=J6-16
Added Pin To Net: NetName=HDMI1_SDA Pin=U1-N3
Added Net: Name=HDMI1_SDA
Added Pin To Net: NetName=NetLED2_1 Pin=LED2-1
Added Pin To Net: NetName=NetLED2_1 Pin=R55-1
Added Net: Name=NetLED2_1
Added Member To Class: ClassName=HDMI Member=Component J6 10029449-001RLF
Added Member To Class: ClassName=Programming_and_Clock_FPGA Member=Component J11 PH2-14-UA
Added Member To Class: ClassName=Programming_and_Clock_FPGA Member=Component L1 120OHM@100Mhz
Added Member To Class: ClassName=Power_supply Member=Component L3 ASPIAIG-FLR4020-3R3M-T
Added Member To Class: ClassName=Power_supply Member=Component L4 ASPIAIG-FLR4020-3R3M-T
Added Member To Class: ClassName=Programming_and_Clock_FPGA Member=Component L6 120OHM@100Mhz
Added Member To Class: ClassName=Power_supply Member=Component L66 ASPIAIG-FLR4020-3R3M-T
Added Member To Class: ClassName=Power_supply Member=Component L67 ASPIAIG-FLR4020-3R3M-T
Added Member To Class: ClassName=LEDS_And_Buttons Member=Component LED2 LTST-C230EKT
Add Class Member: Failed to add class member : Component TP1 testpoint
Add Class Member: Failed to add class member : Component TP2 testpoint
Add Class Member: Failed to add class member : Component TP3 testpoint
Add Class Member: Failed to add class member : Component TP4 testpoint
Added Member To Class: ClassName=Programming_and_Clock_FPGA Member=Component U1 XC7A35T-2FGG484C
Added Member To Class: ClassName=Programming_and_Clock_FPGA Member=Component U? XC7A35T-2FGG484C
Added Member To Class: ClassName=Programming_and_Clock_FPGA Member=Component X1 7M-50.000MAAJ-T
