Change Component Designator: Old Designator=C151 New Designator=C?
Change Component Designator: Old Designator=C203 New Designator=C?
Change Component Designator: Old Designator=C209 New Designator=C?
Change Component Designator: Old Designator=C222 New Designator=C?
Change Component Designator: Old Designator=C223 New Designator=C?
Change Component Designator: Old Designator=C224 New Designator=C?
Change Component Designator: Old Designator=C505 New Designator=C?
Change Component Designator: Old Designator=C506 New Designator=C?
Change Component Designator: Old Designator=C507 New Designator=C?
Change Component Designator: Old Designator=C508 New Designator=C?
Change Component Designator: Old Designator=C509 New Designator=C?
Change Component Designator: Old Designator=C510 New Designator=C?
Change Component Designator: Old Designator=C511 New Designator=C?
Change Component Designator: Old Designator=C512 New Designator=C?
Change Component Designator: Old Designator=C513 New Designator=C?
Change Component Designator: Old Designator=C514 New Designator=C?
Change Component Designator: Old Designator=C515 New Designator=C?
Change Component Designator: Old Designator=C516 New Designator=C?
Change Component Designator: Old Designator=C517 New Designator=C?
Change Component Designator: Old Designator=C518 New Designator=C?
Change Component Designator: Old Designator=C519 New Designator=C?
Change Component Designator: Old Designator=C520 New Designator=C?
Change Component Designator: Old Designator=C521 New Designator=C?
Change Component Designator: Old Designator=C522 New Designator=C?
Change Component Designator: Old Designator=C523 New Designator=C?
Change Component Designator: Old Designator=C524 New Designator=C?
Change Component Designator: Old Designator=C525 New Designator=C?
Change Component Designator: Old Designator=C526 New Designator=C?
Change Component Designator: Old Designator=C527 New Designator=C?
Change Component Designator: Old Designator=C528 New Designator=C?
Change Component Designator: Old Designator=CN1 New Designator=CN?
Change Component Designator: Old Designator=F3 New Designator=F?
Change Component Designator: Old Designator=L3 New Designator=L?
Change Component Designator: Old Designator=L4 New Designator=L?
Change Component Designator: Old Designator=L66 New Designator=L?
Change Component Designator: Old Designator=L67 New Designator=L?
Change Component Designator: Old Designator=R44 New Designator=R?
Change Component Designator: Old Designator=R73 New Designator=R?
Change Component Designator: Old Designator=R81 New Designator=R?
Change Component Designator: Old Designator=R82 New Designator=R?
Change Component Designator: Old Designator=R96 New Designator=R?
Change Component Designator: Old Designator=R243 New Designator=R?
Change Component Designator: Old Designator=R244 New Designator=R?
Change Component Designator: Old Designator=R245 New Designator=R?
Change Component Designator: Old Designator=R246 New Designator=R?
Change Component Designator: Old Designator=R247 New Designator=R?
Change Component Designator: Old Designator=R248 New Designator=R?
Change Component Designator: Old Designator=R249 New Designator=R?
Change Component Designator: Old Designator=R250 New Designator=R?
Change Component Designator: Old Designator=R251 New Designator=R?
Change Component Designator: Old Designator=TP1 New Designator=TP?
Change Component Designator: Old Designator=TP2 New Designator=TP?
Change Component Designator: Old Designator=TP3 New Designator=TP?
Change Component Designator: Old Designator=TP4 New Designator=TP?
Change Component Designator: Old Designator=U6 New Designator=U?
Change Component Designator: Old Designator=U27 New Designator=U?
Change Component Designator: Old Designator=U36 New Designator=U?
Change Component Designator: Old Designator=U37 New Designator=U?
Change Component Designator: Old Designator=U38 New Designator=U?
